  COMMON_APP_NAME                     ADDED
  COMMON_UNKNOWN                      ADDED
  COMMON_ERROR_EMAIL_BLANK            ADDED
  COMMON_ERROR_PASSWORD_BLANK         ADDED
  COMMON_ERROR_PASSWORD_NOT_MATCHING  ADDED
  COMMON_ERROR_INVALID_CREDENTIALS    ADDED
  COMMON_UNDER_DEVELOPMENT_FEATURE    ADDED
  COMMON_CHARA_NAME_HONOKA            ADDED
  COMMON_CHARA_NAME_ELI               ADDED
  COMMON_CHARA_NAME_KOTORI            ADDED
  COMMON_CHARA_NAME_UMI               ADDED
  COMMON_CHARA_NAME_RIN               ADDED
  COMMON_CHARA_NAME_MAKI              ADDED
  COMMON_CHARA_NAME_NOZOMI            ADDED
  COMMON_CHARA_NAME_HANAYO            ADDED
  COMMON_CHARA_NAME_NICO              ADDED
  COMMON_CHARA_NAME_CHIKA             ADDED
  COMMON_CHARA_NAME_RIKO              ADDED
  COMMON_CHARA_NAME_KANAN             ADDED
  COMMON_CHARA_NAME_DIA               ADDED
  COMMON_CHARA_NAME_YOU               ADDED
  COMMON_CHARA_NAME_YOSHIKO           ADDED
  COMMON_CHARA_NAME_HANAMARU          ADDED
  COMMON_CHARA_NAME_MARI              ADDED
  COMMON_CHARA_NAME_RUBY              ADDED
  COMMON_CHARA_NAME_AMUYU             ADDED
  COMMON_CHARA_NAME_KASUMI            ADDED
  COMMON_CHARA_NAME_SHIZUKU           ADDED
  COMMON_CHARA_NAME_KARIN             ADDED
  COMMON_CHARA_NAME_AI                ADDED
  COMMON_CHARA_NAME_KANATA            ADDED
  COMMON_CHARA_NAME_SETSUNA           ADDED
  COMMON_CHARA_NAME_EMMA              ADDED
  COMMON_CHARA_NAME_RINA              ADDED
  LOGIN_SCREEN_PASSWORD_CONFIRM       ADDED
  LOGIN_SCREEN_PASSWORD_RESET_TITLE   ADDED
  LOGIN_SCREEN_PASSWORD_RESET_DONE    ADDED
  CARDS_ENTRY_OBTAINABLE_FROM_GACHA   ADDED
  CARDS_ENTRY_OBTAINABLE_FROM_EVENT   ADDED
  CARDS_ENTRY_STATS                   ADDED
  CARDS_ENTRY_ATTRIBUTE_SMILE         ADDED
  CARDS_ENTRY_ATTRIBUTE_PURE          ADDED
  CARDS_ENTRY_ATTRIBUTE_COOL          ADDED
  CARDS_ENTRY_ATTRIBUTE_ACTIVE        ADDED
  CARDS_ENTRY_ATTRIBUTE_NATURE        ADDED
  CARDS_ENTRY_ATTRIBUTE_ELEGANT       ADDED
  CARDS_ENTRY_COSTUME_THUMBNAIL       ADDED
  STILL_TYPE_UNKNOWN                  ADDED
  LIVE_ENTRY_DIFFICULTY_UNKNOWN       ADDED
  EVENT_CUTOFF_EVENT_ID               ADDED
  EVENT_CUTOFF_POSITION_LEFT          ADDED
  EVENT_CUTOFF_POSITION_RIGHT         ADDED
  EVENT_CUTOFF_TOP_POSITION_LEFT      ADDED
  EVENT_CUTOFF_TOP_POSITION_RIGHT     ADDED
  EVENT_CUTOFF_NO_DATA                ADDED
  ASSETS_EXPLORER_DOWNLOADING         ADDED